Build started 2017/8/16 8:58:04.
     1>Project "E:\sourcecode\visualstudio2010\Projects\FLVMuxer\FLVMuxer\FLVMuxer.vcxproj" on node 2 (build target(s)).
     1>InitializeBuildStatus:
         Creating "Debug\FLVMuxer.unsuccessfulbuild" because "AlwaysCreate" was specified.
       ClCompile:
         C:\Program Files (x86)\Microsoft Visual Studio 10.0\VC\bin\CL.exe /c /ZI /nologo /W3 /WX- /Od /Oy- /D WIN32 /D _DEBUG /D _CONSOLE /D _UNICODE /D UNICODE /Gm /EHsc /RTC1 /MDd /GS /fp:precise /Zc:wchar_t /Zc:forScope /Yc"StdAfx.h" /Fp"Debug\FLVMuxer.pch" /Fo"Debug\\" /Fd"Debug\vc100.pdb" /Gd /TP /analyze- /errorReport:prompt stdafx.cpp
         stdafx.cpp
         C:\Program Files (x86)\Microsoft Visual Studio 10.0\VC\bin\CL.exe /c /ZI /nologo /W3 /WX- /Od /Oy- /D WIN32 /D _DEBUG /D _CONSOLE /D _UNICODE /D UNICODE /Gm /EHsc /RTC1 /MDd /GS /fp:precise /Zc:wchar_t /Zc:forScope /Yu"StdAfx.h" /Fp"Debug\FLVMuxer.pch" /Fo"Debug\\" /Fd"Debug\vc100.pdb" /Gd /TP /analyze- /errorReport:prompt amf.cpp FLVMuxer.cpp
         FLVMuxer.cpp
     1>e:\sourcecode\visualstudio2010\projects\flvmuxer\flvmuxer\flvmuxer.cpp(14): warning C4996: 'fopen': This function or variable may be unsafe. Consider using fopen_s instead. To disable deprecation, use _CRT_SECURE_NO_WARNINGS. See online help for details.
                 c:\program files (x86)\microsoft visual studio 10.0\vc\include\stdio.h(234) : see declaration of 'fopen'
     1>e:\sourcecode\visualstudio2010\projects\flvmuxer\flvmuxer\flvmuxer.cpp(19): warning C4996: 'fopen': This function or variable may be unsafe. Consider using fopen_s instead. To disable deprecation, use _CRT_SECURE_NO_WARNINGS. See online help for details.
                 c:\program files (x86)\microsoft visual studio 10.0\vc\include\stdio.h(234) : see declaration of 'fopen'
         amf.cpp
         Generating Code...
       Link:
         C:\Program Files (x86)\Microsoft Visual Studio 10.0\VC\bin\link.exe /ERRORREPORT:PROMPT /OUT:"E:\sourcecode\visualstudio2010\Projects\FLVMuxer\Debug\FLVMuxer.exe" /INCREMENTAL:NO /NOLOGO kernel32.lib user32.lib gdi32.lib winspool.lib comdlg32.lib advapi32.lib shell32.lib ole32.lib oleaut32.lib uuid.lib odbc32.lib odbccp32.lib /MANIFEST /ManifestFile:"Debug\FLVMuxer.exe.intermediate.manifest" /MANIFESTUAC:"level='asInvoker' uiAccess='false'" /DEBUG /PDB:"E:\sourcecode\visualstudio2010\Projects\FLVMuxer\Debug\FLVMuxer.pdb" /SUBSYSTEM:CONSOLE /TLBID:1 /DYNAMICBASE /NXCOMPAT /IMPLIB:"E:\sourcecode\visualstudio2010\Projects\FLVMuxer\Debug\FLVMuxer.lib" /MACHINE:X86 Debug\amf.obj
         Debug\FLVMuxer.obj
         Debug\stdafx.obj
     1>amf.obj : warning LNK4075: ignoring '/EDITANDCONTINUE' due to '/INCREMENTAL:NO' specification
         FLVMuxer.vcxproj -> E:\sourcecode\visualstudio2010\Projects\FLVMuxer\Debug\FLVMuxer.exe
       Manifest:
         C:\Program Files (x86)\Microsoft SDKs\Windows\v7.0A\bin\mt.exe /nologo /verbose /outputresource:"E:\sourcecode\visualstudio2010\Projects\FLVMuxer\Debug\FLVMuxer.exe;#1" /manifest Debug\FLVMuxer.exe.intermediate.manifest
       FinalizeBuildStatus:
         Deleting file "Debug\FLVMuxer.unsuccessfulbuild".
         Touching "Debug\FLVMuxer.lastbuildstate".
     1>Done Building Project "E:\sourcecode\visualstudio2010\Projects\FLVMuxer\FLVMuxer\FLVMuxer.vcxproj" (build target(s)).

Build succeeded.

Time Elapsed 00:00:01.48
