E:\SOURCECODE\VISUALSTUDIO2010\PROJECTS\FLVMUXER\FLVMUXER\X64\DEBUG\AMF.OBJ
E:\SOURCECODE\VISUALSTUDIO2010\PROJECTS\FLVMUXER\FLVMUXER\X64\DEBUG\BS.OBJ
E:\sourcecode\visualstudio2010\Projects\FLVMuxer\FLVMuxer\x64\Debug\cl.command.1.tlog
E:\sourcecode\visualstudio2010\Projects\FLVMuxer\FLVMuxer\x64\Debug\CL.read.1.tlog
E:\sourcecode\visualstudio2010\Projects\FLVMuxer\FLVMuxer\x64\Debug\CL.write.1.tlog
E:\SOURCECODE\VISUALSTUDIO2010\PROJECTS\FLVMUXER\FLVMUXER\X64\DEBUG\FLVMUXER.EXE.INTERMEDIATE.MANIFEST
E:\SOURCECODE\VISUALSTUDIO2010\PROJECTS\FLVMUXER\FLVMUXER\X64\DEBUG\FLVMUXER.OBJ
E:\SOURCECODE\VISUALSTUDIO2010\PROJECTS\FLVMUXER\FLVMUXER\X64\DEBUG\FLVMUXER.PCH
E:\sourcecode\visualstudio2010\Projects\FLVMuxer\FLVMuxer\x64\Debug\FLVMuxer.write.1.tlog
E:\sourcecode\visualstudio2010\Projects\FLVMuxer\FLVMuxer\x64\Debug\link.command.1.tlog
E:\sourcecode\visualstudio2010\Projects\FLVMuxer\FLVMuxer\x64\Debug\link.read.1.tlog
E:\sourcecode\visualstudio2010\Projects\FLVMuxer\FLVMuxer\x64\Debug\link.write.1.tlog
E:\sourcecode\visualstudio2010\Projects\FLVMuxer\FLVMuxer\x64\Debug\mt.command.1.tlog
E:\sourcecode\visualstudio2010\Projects\FLVMuxer\FLVMuxer\x64\Debug\mt.read.1.tlog
E:\sourcecode\visualstudio2010\Projects\FLVMuxer\FLVMuxer\x64\Debug\mt.write.1.tlog
E:\SOURCECODE\VISUALSTUDIO2010\PROJECTS\FLVMUXER\FLVMUXER\X64\DEBUG\STDAFX.OBJ
E:\sourcecode\visualstudio2010\Projects\FLVMuxer\FLVMuxer\x64\Debug\vc100.idb
E:\SOURCECODE\VISUALSTUDIO2010\PROJECTS\FLVMUXER\FLVMUXER\X64\DEBUG\VC100.PDB
E:\SOURCECODE\VISUALSTUDIO2010\PROJECTS\FLVMUXER\X64\DEBUG\FLVMUXER.EXE
E:\SOURCECODE\VISUALSTUDIO2010\PROJECTS\FLVMUXER\X64\DEBUG\FLVMUXER.PDB
