E:\SOURCECODE\VISUALSTUDIO2010\PROJECTS\AVC_AAC_TS_MUX\AVC_AAC_TS_MUX\DEBUG\AAC_UTILS.OBJ
E:\SOURCECODE\VISUALSTUDIO2010\PROJECTS\AVC_AAC_TS_MUX\AVC_AAC_TS_MUX\DEBUG\AVC_AAC_TS_MUX.EXE.INTERMEDIATE.MANIFEST
E:\SOURCECODE\VISUALSTUDIO2010\PROJECTS\AVC_AAC_TS_MUX\AVC_AAC_TS_MUX\DEBUG\AVC_AAC_TS_MUX.PCH
E:\sourcecode\visualstudio2010\Projects\AVC_AAC_ts_mux\AVC_AAC_ts_mux\Debug\AVC_AAC_ts_mux.vcxprojResolveAssemblyReference.cache
E:\sourcecode\visualstudio2010\Projects\AVC_AAC_ts_mux\AVC_AAC_ts_mux\Debug\AVC_AAC_ts_mux.write.1.tlog
E:\SOURCECODE\VISUALSTUDIO2010\PROJECTS\AVC_AAC_TS_MUX\AVC_AAC_TS_MUX\DEBUG\AVC_UTILS.OBJ
E:\SOURCECODE\VISUALSTUDIO2010\PROJECTS\AVC_AAC_TS_MUX\AVC_AAC_TS_MUX\DEBUG\BS.OBJ
E:\sourcecode\visualstudio2010\Projects\AVC_AAC_ts_mux\AVC_AAC_ts_mux\Debug\cl.command.1.tlog
E:\sourcecode\visualstudio2010\Projects\AVC_AAC_ts_mux\AVC_AAC_ts_mux\Debug\CL.read.1.tlog
E:\sourcecode\visualstudio2010\Projects\AVC_AAC_ts_mux\AVC_AAC_ts_mux\Debug\CL.write.1.tlog
E:\SOURCECODE\VISUALSTUDIO2010\PROJECTS\AVC_AAC_TS_MUX\AVC_AAC_TS_MUX\DEBUG\FILEIO.OBJ
E:\sourcecode\visualstudio2010\Projects\AVC_AAC_ts_mux\AVC_AAC_ts_mux\Debug\link.command.1.tlog
E:\sourcecode\visualstudio2010\Projects\AVC_AAC_ts_mux\AVC_AAC_ts_mux\Debug\link.read.1.tlog
E:\sourcecode\visualstudio2010\Projects\AVC_AAC_ts_mux\AVC_AAC_ts_mux\Debug\link.write.1.tlog
E:\sourcecode\visualstudio2010\Projects\AVC_AAC_ts_mux\AVC_AAC_ts_mux\Debug\mt.command.1.tlog
E:\sourcecode\visualstudio2010\Projects\AVC_AAC_ts_mux\AVC_AAC_ts_mux\Debug\mt.read.1.tlog
E:\sourcecode\visualstudio2010\Projects\AVC_AAC_ts_mux\AVC_AAC_ts_mux\Debug\mt.write.1.tlog
E:\SOURCECODE\VISUALSTUDIO2010\PROJECTS\AVC_AAC_TS_MUX\AVC_AAC_TS_MUX\DEBUG\STDAFX.OBJ
E:\SOURCECODE\VISUALSTUDIO2010\PROJECTS\AVC_AAC_TS_MUX\AVC_AAC_TS_MUX\DEBUG\TS_MUX.OBJ
E:\SOURCECODE\VISUALSTUDIO2010\PROJECTS\AVC_AAC_TS_MUX\AVC_AAC_TS_MUX\DEBUG\TS_UTILS.OBJ
E:\sourcecode\visualstudio2010\Projects\AVC_AAC_ts_mux\AVC_AAC_ts_mux\Debug\vc100.idb
E:\SOURCECODE\VISUALSTUDIO2010\PROJECTS\AVC_AAC_TS_MUX\AVC_AAC_TS_MUX\DEBUG\VC100.PDB
E:\SOURCECODE\VISUALSTUDIO2010\PROJECTS\AVC_AAC_TS_MUX\DEBUG\AVC_AAC_TS_MUX.EXE
E:\SOURCECODE\VISUALSTUDIO2010\PROJECTS\AVC_AAC_TS_MUX\DEBUG\AVC_AAC_TS_MUX.PDB
